Using pre-set license
Built from '2022.3/staging' branch; Version is '2022.3.10f1 (ff3792e53c62) revision 16725906'; Using compiler version '192829333'; Build Type 'Release'
OS: 'Windows 10  (10.0.19045) 64bit Professional' Language: 'en' Physical Memory: 7999 MB
BatchMode: 1, IsHumanControllingUs: 0, StartBugReporterOnCrash: 0, Is64bit: 1, IsPro: 1

COMMAND LINE ARGUMENTS:
D:\Unity Editor\2022.3.10f1\Editor\Unity.exe
-adb2
-batchMode
-noUpm
-name
AssetImportWorker0
-projectPath
D:/GitHubProjects/ARProjectGroup12/AR Game Group 12
-logFile
Logs/AssetImportWorker0.log
-srvPort
53092
Successfully changed project path to: D:/GitHubProjects/ARProjectGroup12/AR Game Group 12
D:/GitHubProjects/ARProjectGroup12/AR Game Group 12
[UnityMemory] Configuration Parameters - Can be set up in boot.config
    "memorysetup-bucket-allocator-granularity=16"
    "memorysetup-bucket-allocator-bucket-count=8"
    "memorysetup-bucket-allocator-block-size=33554432"
    "memorysetup-bucket-allocator-block-count=8"
    "memorysetup-main-allocator-block-size=16777216"
    "memorysetup-thread-allocator-block-size=16777216"
    "memorysetup-gfx-main-allocator-block-size=16777216"
    "memorysetup-gfx-thread-allocator-block-size=16777216"
    "memorysetup-cache-allocator-block-size=4194304"
    "memorysetup-typetree-allocator-block-size=2097152"
    "memorysetup-profiler-bucket-allocator-granularity=16"
    "memorysetup-profiler-bucket-allocator-bucket-count=8"
    "memorysetup-profiler-bucket-allocator-block-size=33554432"
    "memorysetup-profiler-bucket-allocator-block-count=8"
    "memorysetup-profiler-allocator-block-size=16777216"
    "memorysetup-profiler-editor-allocator-block-size=1048576"
    "memorysetup-temp-allocator-size-main=16777216"
    "memorysetup-job-temp-allocator-block-size=2097152"
    "memorysetup-job-temp-allocator-block-size-background=1048576"
    "memorysetup-job-temp-allocator-reduction-small-platforms=262144"
    "memorysetup-allocator-temp-initial-block-size-main=262144"
    "memorysetup-allocator-temp-initial-block-size-worker=262144"
    "memorysetup-temp-allocator-size-background-worker=32768"
    "memorysetup-temp-allocator-size-job-worker=262144"
    "memorysetup-temp-allocator-size-preload-manager=33554432"
    "memorysetup-temp-allocator-size-nav-mesh-worker=65536"
    "memorysetup-temp-allocator-size-audio-worker=65536"
    "memorysetup-temp-allocator-size-cloud-worker=32768"
    "memorysetup-temp-allocator-size-gi-baking-worker=262144"
    "memorysetup-temp-allocator-size-gfx=262144"
Player connection [9900] Host "[IP] 192.168.0.43 [Port] 0 [Flags] 2 [Guid] 228024097 [EditorId] 228024097 [Version] 1048832 [Id] WindowsEditor(7,Rogers) [Debug] 1 [PackageName] WindowsEditor [ProjectName] Editor" joined multi-casting on [225.0.0.222:54997]...

Player connection [9900] Host "[IP] 192.168.0.43 [Port] 0 [Flags] 2 [Guid] 228024097 [EditorId] 228024097 [Version] 1048832 [Id] WindowsEditor(7,Rogers) [Debug] 1 [PackageName] WindowsEditor [ProjectName] Editor" joined alternative multi-casting on [225.0.0.222:34997]...

[Physics::Module] Initialized MultithreadedJobDispatcher with 5 workers.
Refreshing native plugins compatible for Editor in 463.63 ms, found 11 plugins.
Preloading 0 native plugins for Editor in 0.00 ms.
Initialize engine version: 2022.3.10f1 (ff3792e53c62)
[Subsystems] Discovering subsystems at path D:/Unity Editor/2022.3.10f1/Editor/Data/Resources/UnitySubsystems
[Subsystems] Discovering subsystems at path D:/GitHubProjects/ARProjectGroup12/AR Game Group 12/Assets
GfxDevice: creating device client; threaded=0; jobified=0
Direct3D:
    Version:  Direct3D 11.0 [level 11.1]
    Renderer: NVIDIA GeForce GTX 1650 (ID=0x1f82)
    Vendor:   NVIDIA
    VRAM:     3949 MB
    Driver:   31.0.15.3619
Initialize mono
Mono path[0] = 'D:/Unity Editor/2022.3.10f1/Editor/Data/Managed'
Mono path[1] = 'D:/Unity Editor/2022.3.10f1/Editor/Data/MonoBleedingEdge/lib/mono/unityjit-win32'
Mono config path = 'D:/Unity Editor/2022.3.10f1/Editor/Data/MonoBleedingEdge/etc'
Using monoOptions --debugger-agent=transport=dt_socket,embedding=1,server=y,suspend=n,address=127.0.0.1:56808
Begin MonoManager ReloadAssembly
Registering precompiled unity dll's ...
Register platform support module: D:/Unity Editor/2022.3.10f1/Editor/Data/PlaybackEngines/AndroidPlayer/UnityEditor.Android.Extensions.dll
Register platform support module: D:/Unity Editor/2022.3.10f1/Editor/Data/PlaybackEngines/iOSSupport/UnityEditor.iOS.Extensions.dll
Register platform support module: D:/Unity Editor/2022.3.10f1/Editor/Data/PlaybackEngines/WindowsStandaloneSupport/UnityEditor.WindowsStandalone.Extensions.dll
Registered in 0.006864 seconds.
- Loaded All Assemblies, in  0.387 seconds
Native extension for WindowsStandalone target not found
[usbmuxd] Start listen thread
[usbmuxd] Listen thread started
Native extension for iOS target not found
Native extension for Android target not found
Android Extension - Scanning For ADB Devices 579 ms
Mono: successfully reloaded assembly
- Finished resetting the current domain, in  1.216 seconds
Domain Reload Profiling: 1603ms
	BeginReloadAssembly (125ms)
		ExecutionOrderSort (0ms)
		DisableScriptedObjects (0ms)
		BackupInstance (0ms)
		ReleaseScriptingObjects (0ms)
		CreateAndSetChildDomain (1ms)
	RebuildCommonClasses (37ms)
	RebuildNativeTypeToScriptingClass (11ms)
	initialDomainReloadingComplete (54ms)
	LoadAllAssembliesAndSetupDomain (159ms)
		LoadAssemblies (125ms)
		RebuildTransferFunctionScriptingTraits (0ms)
		AnalyzeDomain (156ms)
			TypeCache.Refresh (154ms)
				TypeCache.ScanAssembly (140ms)
			ScanForSourceGeneratedMonoScriptInfo (0ms)
			ResolveRequiredComponents (0ms)
	FinalizeReload (1217ms)
		ReleaseScriptCaches (0ms)
		RebuildScriptCaches (0ms)
		SetupLoadedEditorAssemblies (1160ms)
			LogAssemblyErrors (0ms)
			InitializePlatformSupportModulesInManaged (988ms)
			SetLoadedEditorAssemblies (3ms)
			RefreshPlugins (0ms)
			BeforeProcessingInitializeOnLoad (2ms)
			ProcessInitializeOnLoadAttributes (94ms)
			ProcessInitializeOnLoadMethodAttributes (73ms)
			AfterProcessingInitializeOnLoad (0ms)
			EditorAssembliesLoaded (0ms)
		ExecutionOrderSort2 (0ms)
		AwakeInstancesAfterBackupRestoration (0ms)
========================================================================
Worker process is ready to serve import requests
Begin MonoManager ReloadAssembly
- Loaded All Assemblies, in  1.862 seconds
Refreshing native plugins compatible for Editor in 13.22 ms, found 11 plugins.
Native extension for WindowsStandalone target not found
Native extension for iOS target not found
Native extension for Android target not found
Package Manager log level set to [2]
[Package Manager] Server::EnsureServerProcessIsRunning -- launch failed, reason: Unity was launched with the -noUpm command-line argument
[Package Manager] UpmClient::Send -- Unable to send message (not connected to UPM process).
[Package Manager] Cannot connect to Unity Package Manager local server
[Package Manager] Server::EnsureServerProcessIsRunning -- launch failed, reason: Unity was launched with the -noUpm command-line argument
[Package Manager] UpmClient::Send -- Unable to send message (not connected to UPM process).
[Package Manager] Cannot connect to Unity Package Manager local server
Mono: successfully reloaded assembly
[Package Manager] Server::EnsureServerProcessIsRunning -- launch failed, reason: Unity was launched with the -noUpm command-line argument
[Package Manager] UpmClient::Send -- Unable to send message (not connected to UPM process).
[Package Manager] Cannot connect to Unity Package Manager local server
[Package Manager] Server::EnsureServerProcessIsRunning -- launch failed, reason: Unity was launched with the -noUpm command-line argument
[Package Manager] UpmClient::Send -- Unable to send message (not connected to UPM process).
[Package Manager] Cannot connect to Unity Package Manager local server
- Finished resetting the current domain, in  0.905 seconds
Domain Reload Profiling: 2765ms
	BeginReloadAssembly (153ms)
		ExecutionOrderSort (0ms)
		DisableScriptedObjects (5ms)
		BackupInstance (0ms)
		ReleaseScriptingObjects (0ms)
		CreateAndSetChildDomain (20ms)
	RebuildCommonClasses (35ms)
	RebuildNativeTypeToScriptingClass (11ms)
	initialDomainReloadingComplete (36ms)
	LoadAllAssembliesAndSetupDomain (1624ms)
		LoadAssemblies (1457ms)
		RebuildTransferFunctionScriptingTraits (0ms)
		AnalyzeDomain (264ms)
			TypeCache.Refresh (231ms)
				TypeCache.ScanAssembly (211ms)
			ScanForSourceGeneratedMonoScriptInfo (24ms)
			ResolveRequiredComponents (7ms)
	FinalizeReload (905ms)
		ReleaseScriptCaches (0ms)
		RebuildScriptCaches (0ms)
		SetupLoadedEditorAssemblies (731ms)
			LogAssemblyErrors (0ms)
			InitializePlatformSupportModulesInManaged (30ms)
			SetLoadedEditorAssemblies (3ms)
			RefreshPlugins (0ms)
			BeforeProcessingInitializeOnLoad (75ms)
			ProcessInitializeOnLoadAttributes (403ms)
			ProcessInitializeOnLoadMethodAttributes (216ms)
			AfterProcessingInitializeOnLoad (3ms)
			EditorAssembliesLoaded (0ms)
		ExecutionOrderSort2 (0ms)
		AwakeInstancesAfterBackupRestoration (6ms)
Launched and connected shader compiler UnityShaderCompiler.exe after 0.13 seconds
Refreshing native plugins compatible for Editor in 14.49 ms, found 11 plugins.
Preloading 0 native plugins for Editor in 0.00 ms.
Unloading 4738 Unused Serialized files (Serialized files now loaded: 0)
Unloading 89 unused Assets / (1.2 MB). Loaded Objects now: 5197.
Memory consumption went from 163.6 MB to 162.4 MB.
Total: 13.901500 ms (FindLiveObjects: 0.348900 ms CreateObjectMapping: 0.283800 ms MarkObjects: 12.652000 ms  DeleteObjects: 0.615800 ms)

AssetImportParameters requested are different than current active one (requested -> active):
  custom:container-demuxer-ogg: 62fdf1f143b41e24485cea50d1cbac27 -> 
  custom:video-codec-MediaFoundation-h265: 746d11721c4dcdbdad8f713fa42b33f4 -> 
  custom:video-decoder-ogg-theora: a1e56fd34408186e4bbccfd4996cb3dc -> 
  custom:framework-win-MediaFoundation: 216162199b28c13a410421893ffa2e32 -> 
  custom:CustomObjectIndexerAttribute: 756ad292c208cfabdd7b50bc23989ffe -> 
  custom:container-demuxer-webm: 4f35f7cbe854078d1ac9338744f61a02 -> 
  custom:container-muxer-webm: aa71ff27fc2769a1b78a27578f13a17b -> 
  custom:video-decoder-webm-vp8: 9c59270c3fd7afecdb556c50c9e8de78 -> 
  custom:SearchIndexIgnoredProperties: e643bd26f0fe6173181afceb89e7c659 -> 
  custom:AudioImporter_EditorPlatform: d09bf68614088b80899f8185d706f6e7 -> 
  custom:video-encoder-webm-vp8: eb34c28f22e8b96e1ab97ce403110664 -> 
  custom:audio-decoder-ogg-vorbis: bf7c407c2cedff20999df2af8eb42d56 -> 
  custom:audio-encoder-webm-vorbis: bf7c407c2cedff20999df2af8eb42d56 -> 
========================================================================
Received Import Request.
  Time since last request: 27373.029084 seconds.
  path: Assets/ExampleAssets/Prefabs/ARPlane.prefab
  artifactKey: Guid(3738bd65ede154463b2c35064b9e5fdb) Importer(2089858483,0ecaa5967403d082aa24f35e1b516d23)
Start importing Assets/ExampleAssets/Prefabs/ARPlane.prefab using Guid(3738bd65ede154463b2c35064b9e5fdb) Importer(2089858483,0ecaa5967403d082aa24f35e1b516d23) Generated GUIDs only implemented for interfaces!
 -> (artifact id: '0d2d2dfb89ec34900168e16a75d7ce2e') in 0.218409 seconds
Number of updated asset objects reloaded before import = 0
Number of asset objects unloaded after import = 10
========================================================================
Received Import Request.
  Time since last request: 0.000027 seconds.
  path: Assets/XR/Settings/AR Core Loader Settings.asset
  artifactKey: Guid(a597533867fee4905a1c05b58df97924) Importer(2089858483,0ecaa5967403d082aa24f35e1b516d23)
Start importing Assets/XR/Settings/AR Core Loader Settings.asset using Guid(a597533867fee4905a1c05b58df97924) Importer(2089858483,0ecaa5967403d082aa24f35e1b516d23) Generated GUIDs only implemented for interfaces!
 -> (artifact id: 'c1987a607c45b5de8e5d13b701cdc762') in 0.024523 seconds
Number of updated asset objects reloaded before import = 0
Number of asset objects unloaded after import = 1
========================================================================
Received Import Request.
  Time since last request: 0.000018 seconds.
  path: Assets/ExampleAssets/Scripts/ARFeatheredPlaneMeshVisualizer.cs
  artifactKey: Guid(de9919161fbca46b79a86ecacee38c30) Importer(2089858483,0ecaa5967403d082aa24f35e1b516d23)
Start importing Assets/ExampleAssets/Scripts/ARFeatheredPlaneMeshVisualizer.cs using Guid(de9919161fbca46b79a86ecacee38c30) Importer(2089858483,0ecaa5967403d082aa24f35e1b516d23) Generated GUIDs only implemented for interfaces!
 -> (artifact id: 'b10841272d56bd8a1dc45f9954cdb3fa') in 0.018896 seconds
Number of updated asset objects reloaded before import = 0
Number of asset objects unloaded after import = 1
========================================================================
Received Import Request.
  Time since last request: 0.000017 seconds.
  path: Assets/ExampleAssets/Materials/PlacedCubeMat.mat
  artifactKey: Guid(0ce7ca15cd93341beb67396a494cef55) Importer(2089858483,0ecaa5967403d082aa24f35e1b516d23)
Start importing Assets/ExampleAssets/Materials/PlacedCubeMat.mat using Guid(0ce7ca15cd93341beb67396a494cef55) Importer(2089858483,0ecaa5967403d082aa24f35e1b516d23) Generated GUIDs only implemented for interfaces!
 -> (artifact id: '8cb47f9a7ae60334d69f12195fdcc277') in 0.050984 seconds
Number of updated asset objects reloaded before import = 0
Number of asset objects unloaded after import = 1
========================================================================
Received Import Request.
  Time since last request: 0.000017 seconds.
  path: Assets/Scenes/BlankAR.unity
  artifactKey: Guid(6bdce89659816455b9f906fc62d19910) Importer(2089858483,0ecaa5967403d082aa24f35e1b516d23)
Start importing Assets/Scenes/BlankAR.unity using Guid(6bdce89659816455b9f906fc62d19910) Importer(2089858483,0ecaa5967403d082aa24f35e1b516d23) Generated GUIDs only implemented for interfaces!
 -> (artifact id: '515ecbee47b3db7565ffb1f856c918ee') in 0.013074 seconds
Number of updated asset objects reloaded before import = 0
Number of asset objects unloaded after import = 1
========================================================================
Received Import Request.
  Time since last request: 0.000042 seconds.
  path: Assets/XR/Settings/AR Core Settings.asset
  artifactKey: Guid(89a6d18d3df8d3e4fa917b0f9a963bc0) Importer(2089858483,0ecaa5967403d082aa24f35e1b516d23)
Start importing Assets/XR/Settings/AR Core Settings.asset using Guid(89a6d18d3df8d3e4fa917b0f9a963bc0) Importer(2089858483,0ecaa5967403d082aa24f35e1b516d23) Generated GUIDs only implemented for interfaces!
 -> (artifact id: 'd9ef14b0991b68491f0c53b6dac543f5') in 0.032516 seconds
Number of updated asset objects reloaded before import = 0
Number of asset objects unloaded after import = 1
========================================================================
Received Import Request.
  Time since last request: 0.000018 seconds.
  path: Assets/XR/Settings/OpenXR Editor Settings.asset
  artifactKey: Guid(1cffca6ade87a804fa1abbb7bbcd2fae) Importer(2089858483,0ecaa5967403d082aa24f35e1b516d23)
Start importing Assets/XR/Settings/OpenXR Editor Settings.asset using Guid(1cffca6ade87a804fa1abbb7bbcd2fae) Importer(2089858483,0ecaa5967403d082aa24f35e1b516d23) Generated GUIDs only implemented for interfaces!
 -> (artifact id: 'de9c2ab1a5bb689d7d5616561854d11c') in 0.006588 seconds
Number of updated asset objects reloaded before import = 0
Number of asset objects unloaded after import = 1
========================================================================
Received Import Request.
  Time since last request: 0.000021 seconds.
  path: Assets/Plugins/Lumin/MagicLeapManifestSettings.asset
  artifactKey: Guid(dd3d17bef5f974d19ae58a5a69c484fd) Importer(2089858483,0ecaa5967403d082aa24f35e1b516d23)
Start importing Assets/Plugins/Lumin/MagicLeapManifestSettings.asset using Guid(dd3d17bef5f974d19ae58a5a69c484fd) Importer(2089858483,0ecaa5967403d082aa24f35e1b516d23) Generated GUIDs only implemented for interfaces!
 -> (artifact id: 'c0d5af42a6c7f9eec6634416ffa6360d') in 0.002571 seconds
Number of updated asset objects reloaded before import = 0
Number of asset objects unloaded after import = 1
========================================================================
Received Import Request.
  Time since last request: 0.000056 seconds.
  path: Assets/ExampleAssets/Scenes/SampleScene.unity
  artifactKey: Guid(9fc0d4010bbf28b4594072e72b8655ab) Importer(2089858483,0ecaa5967403d082aa24f35e1b516d23)
Start importing Assets/ExampleAssets/Scenes/SampleScene.unity using Guid(9fc0d4010bbf28b4594072e72b8655ab) Importer(2089858483,0ecaa5967403d082aa24f35e1b516d23) Generated GUIDs only implemented for interfaces!
 -> (artifact id: 'ffa80439fc40184ae07b0507429f4140') in 0.002688 seconds
Number of updated asset objects reloaded before import = 0
Number of asset objects unloaded after import = 1
========================================================================
Received Import Request.
  Time since last request: 0.000029 seconds.
  path: Assets/ExampleAssets/Tutorial/ARTutorialWelcomePage.asset
  artifactKey: Guid(d7ed8cdd171b54fe39c58afde8ff5d51) Importer(2089858483,0ecaa5967403d082aa24f35e1b516d23)
Start importing Assets/ExampleAssets/Tutorial/ARTutorialWelcomePage.asset using Guid(d7ed8cdd171b54fe39c58afde8ff5d51) Importer(2089858483,0ecaa5967403d082aa24f35e1b516d23) Generated GUIDs only implemented for interfaces!
 -> (artifact id: '0dd430affc5c40734f225458e5880374') in 0.013456 seconds
Number of updated asset objects reloaded before import = 0
Number of asset objects unloaded after import = 2
========================================================================
Received Import Request.
  Time since last request: 0.000014 seconds.
  path: Assets/XR/XRGeneralSettings.asset
  artifactKey: Guid(58f40b12bbc864f3c96c6505a9a1e1e3) Importer(2089858483,0ecaa5967403d082aa24f35e1b516d23)
Start importing Assets/XR/XRGeneralSettings.asset using Guid(58f40b12bbc864f3c96c6505a9a1e1e3) Importer(2089858483,0ecaa5967403d082aa24f35e1b516d23) Generated GUIDs only implemented for interfaces!
 -> (artifact id: '47ab1d80472c85c387cb7f5ad419c84f') in 0.008448 seconds
Number of updated asset objects reloaded before import = 0
Number of asset objects unloaded after import = 1
========================================================================
Received Import Request.
  Time since last request: 0.000017 seconds.
  path: Assets/XR/UserSimulationSettings/SimulationEnvironmentAssetsManager.asset
  artifactKey: Guid(87d6eab5e79a37a4698e3f0cbfc2f651) Importer(2089858483,0ecaa5967403d082aa24f35e1b516d23)
Start importing Assets/XR/UserSimulationSettings/SimulationEnvironmentAssetsManager.asset using Guid(87d6eab5e79a37a4698e3f0cbfc2f651) Importer(2089858483,0ecaa5967403d082aa24f35e1b516d23) Generated GUIDs only implemented for interfaces!
 -> (artifact id: 'f0ea7388fd26c6387ce4f39270200f18') in 0.003834 seconds
Number of updated asset objects reloaded before import = 0
Number of asset objects unloaded after import = 1
========================================================================
Received Import Request.
  Time since last request: 0.000091 seconds.
  path: Assets/ExampleAssets/Shaders/FeatheredPlaneShader.shader
  artifactKey: Guid(9b989c81462e144eb95a232bec4719d5) Importer(2089858483,0ecaa5967403d082aa24f35e1b516d23)
Start importing Assets/ExampleAssets/Shaders/FeatheredPlaneShader.shader using Guid(9b989c81462e144eb95a232bec4719d5) Importer(2089858483,0ecaa5967403d082aa24f35e1b516d23) Generated GUIDs only implemented for interfaces!
 -> (artifact id: '037ae3fd0e420d7b83595f08bdaefb78') in 0.031466 seconds
Number of updated asset objects reloaded before import = 0
Number of asset objects unloaded after import = 1
========================================================================
Received Import Request.
  Time since last request: 0.000015 seconds.
  path: Assets/ExampleAssets/Models/cube.fbx
  artifactKey: Guid(de4da3906a001624fabcc7838ddf2eb4) Importer(2089858483,0ecaa5967403d082aa24f35e1b516d23)
Start importing Assets/ExampleAssets/Models/cube.fbx using Guid(de4da3906a001624fabcc7838ddf2eb4) Importer(2089858483,0ecaa5967403d082aa24f35e1b516d23) Generated GUIDs only implemented for interfaces!
 -> (artifact id: 'ebaf0e40131ca90b05b64105587a471a') in 0.076711 seconds
Number of updated asset objects reloaded before import = 0
Number of asset objects unloaded after import = 8
========================================================================
Received Import Request.
  Time since last request: 0.000011 seconds.
  path: Assets/XR/Settings/AR Kit Loader Settings.asset
  artifactKey: Guid(c02f12437be494530a39604e26294a08) Importer(2089858483,0ecaa5967403d082aa24f35e1b516d23)
Start importing Assets/XR/Settings/AR Kit Loader Settings.asset using Guid(c02f12437be494530a39604e26294a08) Importer(2089858483,0ecaa5967403d082aa24f35e1b516d23) Generated GUIDs only implemented for interfaces!
 -> (artifact id: 'a33bf385f72daed304704cff6285e8e4') in 0.004380 seconds
Number of updated asset objects reloaded before import = 0
Number of asset objects unloaded after import = 1
========================================================================
Received Import Request.
  Time since last request: 0.000015 seconds.
  path: Assets/ExampleAssets/Scripts/AnchorCreator.cs
  artifactKey: Guid(788587e994f1943f3856c1c332db429b) Importer(2089858483,0ecaa5967403d082aa24f35e1b516d23)
Start importing Assets/ExampleAssets/Scripts/AnchorCreator.cs using Guid(788587e994f1943f3856c1c332db429b) Importer(2089858483,0ecaa5967403d082aa24f35e1b516d23) Generated GUIDs only implemented for interfaces!
 -> (artifact id: 'cfc98b91505867919f202252e24616b3') in 0.003111 seconds
Number of updated asset objects reloaded before import = 0
Number of asset objects unloaded after import = 1
========================================================================
Received Import Request.
  Time since last request: 0.000027 seconds.
  path: Assets/XR/Loaders/AR Core Loader.asset
  artifactKey: Guid(9b09f0106dcd341a980bb4a4d59799d1) Importer(2089858483,0ecaa5967403d082aa24f35e1b516d23)
Start importing Assets/XR/Loaders/AR Core Loader.asset using Guid(9b09f0106dcd341a980bb4a4d59799d1) Importer(2089858483,0ecaa5967403d082aa24f35e1b516d23) Generated GUIDs only implemented for interfaces!
 -> (artifact id: '80e7c20afc04d1c5224731905667efaa') in 0.004894 seconds
Number of updated asset objects reloaded before import = 0
Number of asset objects unloaded after import = 1
========================================================================
Received Import Request.
  Time since last request: 0.000013 seconds.
  path: Assets/XR/Settings/Magic Leap Settings.asset
  artifactKey: Guid(1eb95d77acb39444e8cf44313496a874) Importer(2089858483,0ecaa5967403d082aa24f35e1b516d23)
Start importing Assets/XR/Settings/Magic Leap Settings.asset using Guid(1eb95d77acb39444e8cf44313496a874) Importer(2089858483,0ecaa5967403d082aa24f35e1b516d23) Generated GUIDs only implemented for interfaces!
 -> (artifact id: '6f4e445fff57ea90431220499b2ae07c') in 0.004443 seconds
Number of updated asset objects reloaded before import = 0
Number of asset objects unloaded after import = 1
========================================================================
Received Import Request.
  Time since last request: 0.000014 seconds.
  path: Assets/ExampleAssets/Prefabs/CubeObject.prefab
  artifactKey: Guid(fe573e7abb8af466791f07600c0785e3) Importer(2089858483,0ecaa5967403d082aa24f35e1b516d23)
Start importing Assets/ExampleAssets/Prefabs/CubeObject.prefab using Guid(fe573e7abb8af466791f07600c0785e3) Importer(2089858483,0ecaa5967403d082aa24f35e1b516d23) Generated GUIDs only implemented for interfaces!
 -> (artifact id: '5604d98d51ebe42abaa401e3f7194f74') in 0.039982 seconds
Number of updated asset objects reloaded before import = 0
Number of asset objects unloaded after import = 7
========================================================================
Received Import Request.
  Time since last request: 0.000017 seconds.
  path: Assets/ExampleAssets/Tutorial/TutorialsContainer.asset
  artifactKey: Guid(58201dbec29094f7a9c5cf1b87912e6b) Importer(2089858483,0ecaa5967403d082aa24f35e1b516d23)
Start importing Assets/ExampleAssets/Tutorial/TutorialsContainer.asset using Guid(58201dbec29094f7a9c5cf1b87912e6b) Importer(2089858483,0ecaa5967403d082aa24f35e1b516d23) Generated GUIDs only implemented for interfaces!
 -> (artifact id: 'cff8cc48c706be603c73742449f1a7fc') in 0.040929 seconds
Number of updated asset objects reloaded before import = 0
Number of asset objects unloaded after import = 3
========================================================================
Received Import Request.
  Time since last request: 0.000210 seconds.
  path: Assets/XR/UserSimulationSettings/Resources/XRSimulationPreferences.asset
  artifactKey: Guid(b75f41b24cf8a7f4596dfcc37ede7746) Importer(2089858483,0ecaa5967403d082aa24f35e1b516d23)
Start importing Assets/XR/UserSimulationSettings/Resources/XRSimulationPreferences.asset using Guid(b75f41b24cf8a7f4596dfcc37ede7746) Importer(2089858483,0ecaa5967403d082aa24f35e1b516d23) Generated GUIDs only implemented for interfaces!
 -> (artifact id: 'b4d03347465d61b735abd7db934dc786') in 0.028258 seconds
Number of updated asset objects reloaded before import = 0
Number of asset objects unloaded after import = 36
========================================================================
Received Import Request.
  Time since last request: 0.000017 seconds.
  path: Assets/ExampleAssets/Tutorial/TutorialProjectSettings.asset
  artifactKey: Guid(81fee52a5ef9d49a9babe154239f82cf) Importer(2089858483,0ecaa5967403d082aa24f35e1b516d23)
Start importing Assets/ExampleAssets/Tutorial/TutorialProjectSettings.asset using Guid(81fee52a5ef9d49a9babe154239f82cf) Importer(2089858483,0ecaa5967403d082aa24f35e1b516d23) Generated GUIDs only implemented for interfaces!
 -> (artifact id: '4c7af36f041dd735bb564ccb63e0e688') in 0.029991 seconds
Number of updated asset objects reloaded before import = 0
Number of asset objects unloaded after import = 5
========================================================================
Received Import Request.
  Time since last request: 0.000014 seconds.
  path: Assets/ExampleAssets/Materials/PlaneMat.mat
  artifactKey: Guid(2da0ea038f25a4fa998f183878aedf79) Importer(2089858483,0ecaa5967403d082aa24f35e1b516d23)
Start importing Assets/ExampleAssets/Materials/PlaneMat.mat using Guid(2da0ea038f25a4fa998f183878aedf79) Importer(2089858483,0ecaa5967403d082aa24f35e1b516d23) Generated GUIDs only implemented for interfaces!
 -> (artifact id: '4e750e3cad20836e08eaaf07bc51d977') in 0.022318 seconds
Number of updated asset objects reloaded before import = 0
Number of asset objects unloaded after import = 2
========================================================================
Received Import Request.
  Time since last request: 0.000014 seconds.
  path: Assets/XR/Resources/XRSimulationRuntimeSettings.asset
  artifactKey: Guid(a8828cc4124e8514f827c5cc87285593) Importer(2089858483,0ecaa5967403d082aa24f35e1b516d23)
Start importing Assets/XR/Resources/XRSimulationRuntimeSettings.asset using Guid(a8828cc4124e8514f827c5cc87285593) Importer(2089858483,0ecaa5967403d082aa24f35e1b516d23) Generated GUIDs only implemented for interfaces!
 -> (artifact id: 'b7faed987909b8a461addf717ff1815f') in 0.014822 seconds
Number of updated asset objects reloaded before import = 0
Number of asset objects unloaded after import = 1
========================================================================
Received Import Request.
  Time since last request: 0.000065 seconds.
  path: Assets/ExampleAssets/Tutorial/Images/project-header-ar.png
  artifactKey: Guid(36ba5f0e57d094b0c9364f801bc2bac0) Importer(2089858483,0ecaa5967403d082aa24f35e1b516d23)
Start importing Assets/ExampleAssets/Tutorial/Images/project-header-ar.png using Guid(36ba5f0e57d094b0c9364f801bc2bac0) Importer(2089858483,0ecaa5967403d082aa24f35e1b516d23) Generated GUIDs only implemented for interfaces!
 -> (artifact id: '6a17618e193a37c626877fa8382af3b5') in 0.083185 seconds
Number of updated asset objects reloaded before import = 0
Number of asset objects unloaded after import = 1
========================================================================
Received Import Request.
  Time since last request: 0.000037 seconds.
  path: Assets/ExampleAssets/Tutorial/Images/1-welcome-screen-image.png
  artifactKey: Guid(a36153625af524c1f9fb6e04b5ed3e1c) Importer(2089858483,0ecaa5967403d082aa24f35e1b516d23)
Start importing Assets/ExampleAssets/Tutorial/Images/1-welcome-screen-image.png using Guid(a36153625af524c1f9fb6e04b5ed3e1c) Importer(2089858483,0ecaa5967403d082aa24f35e1b516d23) Generated GUIDs only implemented for interfaces!
 -> (artifact id: 'eae4e4d5297b4584076f4c8af5f5a8c9') in 0.014134 seconds
Number of updated asset objects reloaded before import = 0
Number of asset objects unloaded after import = 1
========================================================================
Received Import Request.
  Time since last request: 0.000025 seconds.
  path: Assets/ExampleAssets/Tutorial/ARTutorialStyle.asset
  artifactKey: Guid(673c100feae4c40308b05cbe438649eb) Importer(2089858483,0ecaa5967403d082aa24f35e1b516d23)
Start importing Assets/ExampleAssets/Tutorial/ARTutorialStyle.asset using Guid(673c100feae4c40308b05cbe438649eb) Importer(2089858483,0ecaa5967403d082aa24f35e1b516d23) Generated GUIDs only implemented for interfaces!
 -> (artifact id: '70407ff099fc482dfa313345511ae8c4') in 0.005688 seconds
Number of updated asset objects reloaded before import = 0
Number of asset objects unloaded after import = 1
========================================================================
Received Import Request.
  Time since last request: 0.000015 seconds.
  path: Assets/ExampleAssets/Textures/PlanePatternDot.png
  artifactKey: Guid(af6bcea09b8134831b6599e2900aef81) Importer(2089858483,0ecaa5967403d082aa24f35e1b516d23)
Start importing Assets/ExampleAssets/Textures/PlanePatternDot.png using Guid(af6bcea09b8134831b6599e2900aef81) Importer(2089858483,0ecaa5967403d082aa24f35e1b516d23) Generated GUIDs only implemented for interfaces!
 -> (artifact id: '0fc553151e587ca42ebc6103e9fe1db0') in 0.016447 seconds
Number of updated asset objects reloaded before import = 0
Number of asset objects unloaded after import = 1
========================================================================
Received Import Request.
  Time since last request: 0.000014 seconds.
  path: Assets/XR/Settings/AR Kit Settings.asset
  artifactKey: Guid(de8a8e4f987434338a4b1062feb8d069) Importer(2089858483,0ecaa5967403d082aa24f35e1b516d23)
Start importing Assets/XR/Settings/AR Kit Settings.asset using Guid(de8a8e4f987434338a4b1062feb8d069) Importer(2089858483,0ecaa5967403d082aa24f35e1b516d23) Generated GUIDs only implemented for interfaces!
 -> (artifact id: '6259be79a86b2cc851e0ca94c68b8147') in 0.004363 seconds
Number of updated asset objects reloaded before import = 0
Number of asset objects unloaded after import = 1
========================================================================
Received Import Request.
  Time since last request: 0.000019 seconds.
  path: Assets/XR/Settings/XRSimulationSettings.asset
  artifactKey: Guid(19bf1a18b944f894f9b8b87c6680ba33) Importer(2089858483,0ecaa5967403d082aa24f35e1b516d23)
Start importing Assets/XR/Settings/XRSimulationSettings.asset using Guid(19bf1a18b944f894f9b8b87c6680ba33) Importer(2089858483,0ecaa5967403d082aa24f35e1b516d23) Generated GUIDs only implemented for interfaces!
 -> (artifact id: '1c2f4ad6dbe9b2df997b3bb68d929511') in 0.004306 seconds
Number of updated asset objects reloaded before import = 0
Number of asset objects unloaded after import = 1
========================================================================
Received Import Request.
  Time since last request: 0.000013 seconds.
  path: Assets/XR/Loaders/SimulationLoader.asset
  artifactKey: Guid(3a8b8924bce80a24792c03d650d128c5) Importer(2089858483,0ecaa5967403d082aa24f35e1b516d23)
Start importing Assets/XR/Loaders/SimulationLoader.asset using Guid(3a8b8924bce80a24792c03d650d128c5) Importer(2089858483,0ecaa5967403d082aa24f35e1b516d23) Generated GUIDs only implemented for interfaces!
 -> (artifact id: '491e8efedaebccc6ce052824fb974f1a') in 0.004145 seconds
Number of updated asset objects reloaded before import = 0
Number of asset objects unloaded after import = 1
========================================================================
Received Import Request.
  Time since last request: 0.000027 seconds.
  path: Assets/XR/Loaders/Open XR Loader No Pre Init.asset
  artifactKey: Guid(51fdde5d54bf9fb4eaf4bee58308b2d8) Importer(2089858483,0ecaa5967403d082aa24f35e1b516d23)
Start importing Assets/XR/Loaders/Open XR Loader No Pre Init.asset using Guid(51fdde5d54bf9fb4eaf4bee58308b2d8) Importer(2089858483,0ecaa5967403d082aa24f35e1b516d23) Generated GUIDs only implemented for interfaces!
 -> (artifact id: '4671c762aff982ec9147186f1039854f') in 0.005557 seconds
Number of updated asset objects reloaded before import = 0
Number of asset objects unloaded after import = 1
========================================================================
Received Import Request.
  Time since last request: 0.000014 seconds.
  path: Assets/XR/Loaders/AR Kit Loader.asset
  artifactKey: Guid(de0ea855f920d4e3a8db461dc3454566) Importer(2089858483,0ecaa5967403d082aa24f35e1b516d23)
Start importing Assets/XR/Loaders/AR Kit Loader.asset using Guid(de0ea855f920d4e3a8db461dc3454566) Importer(2089858483,0ecaa5967403d082aa24f35e1b516d23) Generated GUIDs only implemented for interfaces!
 -> (artifact id: 'ff07cabbaaf8e40f0bf957ff1b585003') in 0.004436 seconds
Number of updated asset objects reloaded before import = 0
Number of asset objects unloaded after import = 1
========================================================================
Received Import Request.
  Time since last request: 0.000015 seconds.
  path: Assets/XR/Loaders/Open XR Loader.asset
  artifactKey: Guid(214846e9f11fd534e9e9d02ea5042f1f) Importer(2089858483,0ecaa5967403d082aa24f35e1b516d23)
Start importing Assets/XR/Loaders/Open XR Loader.asset using Guid(214846e9f11fd534e9e9d02ea5042f1f) Importer(2089858483,0ecaa5967403d082aa24f35e1b516d23) Generated GUIDs only implemented for interfaces!
 -> (artifact id: '8e09304f3ca73e41c424990dd3f2a441') in 0.004208 seconds
Number of updated asset objects reloaded before import = 0
Number of asset objects unloaded after import = 1
========================================================================
Received Import Request.
  Time since last request: 0.000016 seconds.
  path: Assets/XR/Settings/Open XR Package Settings.asset
  artifactKey: Guid(6bb381a8ba31f114d9724357633b4625) Importer(2089858483,0ecaa5967403d082aa24f35e1b516d23)
Start importing Assets/XR/Settings/Open XR Package Settings.asset using Guid(6bb381a8ba31f114d9724357633b4625) Importer(2089858483,0ecaa5967403d082aa24f35e1b516d23) Generated GUIDs only implemented for interfaces!
 -> (artifact id: 'aad447fd2ffa1ad6e9316c8b6cd8911f') in 0.055598 seconds
Number of updated asset objects reloaded before import = 0
Number of asset objects unloaded after import = 2
========================================================================
Received Import Request.
  Time since last request: 65.692303 seconds.
  path: Assets/XR/XRGeneralSettings.asset
  artifactKey: Guid(58f40b12bbc864f3c96c6505a9a1e1e3) Importer(2089858483,0ecaa5967403d082aa24f35e1b516d23)
Start importing Assets/XR/XRGeneralSettings.asset using Guid(58f40b12bbc864f3c96c6505a9a1e1e3) Importer(2089858483,0ecaa5967403d082aa24f35e1b516d23) Generated GUIDs only implemented for interfaces!
 -> (artifact id: '0e26bcc7d3014014b6e7232e8e0981e3') in 0.006479 seconds
Number of updated asset objects reloaded before import = 3
Number of asset objects unloaded after import = 1
========================================================================
Received Import Request.
  Time since last request: 12.094215 seconds.
  path: Assets/XR/XRGeneralSettings.asset
  artifactKey: Guid(58f40b12bbc864f3c96c6505a9a1e1e3) Importer(2089858483,0ecaa5967403d082aa24f35e1b516d23)
Start importing Assets/XR/XRGeneralSettings.asset using Guid(58f40b12bbc864f3c96c6505a9a1e1e3) Importer(2089858483,0ecaa5967403d082aa24f35e1b516d23) Generated GUIDs only implemented for interfaces!
 -> (artifact id: 'c35ce89fc852e03ef37d6ebdfdccce8a') in 0.006377 seconds
Number of updated asset objects reloaded before import = 5
Number of asset objects unloaded after import = 1
========================================================================
Received Import Request.
  Time since last request: 209.149096 seconds.
  path: Assets
  artifactKey: Guid(00000000000000001000000000000000) Importer(815301076,1909f56bfc062723c751e8b465ee728b)
Start importing Assets using Guid(00000000000000001000000000000000) Importer(815301076,1909f56bfc062723c751e8b465ee728b)  -> (artifact id: '8a4fe85251aa2e89732c359432baa2c3') in 0.000434 seconds
Number of updated asset objects reloaded before import = 0
Number of asset objects unloaded after import = 0
========================================================================
Received Import Request.
  Time since last request: 7.458212 seconds.
  path: Assets/Image Libraries
  artifactKey: Guid(7dc07127451c17c469f77cb13a1fb5c1) Importer(815301076,1909f56bfc062723c751e8b465ee728b)
Start importing Assets/Image Libraries using Guid(7dc07127451c17c469f77cb13a1fb5c1) Importer(815301076,1909f56bfc062723c751e8b465ee728b)  -> (artifact id: '38901e2de4d70f3e18e82a90a1f00875') in 0.000450 seconds
Number of updated asset objects reloaded before import = 0
Number of asset objects unloaded after import = 0
========================================================================
Received Import Request.
  Time since last request: 0.948374 seconds.
  path: Assets/Image Libraries
  artifactKey: Guid(7dc07127451c17c469f77cb13a1fb5c1) Importer(2089858483,0ecaa5967403d082aa24f35e1b516d23)
Start importing Assets/Image Libraries using Guid(7dc07127451c17c469f77cb13a1fb5c1) Importer(2089858483,0ecaa5967403d082aa24f35e1b516d23) Generated GUIDs only implemented for interfaces!
 -> (artifact id: '89d139f1ee42261ddd308503d82a9331') in 0.004384 seconds
Number of updated asset objects reloaded before import = 0
Number of asset objects unloaded after import = 1
========================================================================
Received Import Request.
  Time since last request: 8.770427 seconds.
  path: Assets/XR
  artifactKey: Guid(4586d7c79a09642ee9af2018bd137cd7) Importer(815301076,1909f56bfc062723c751e8b465ee728b)
Start importing Assets/XR using Guid(4586d7c79a09642ee9af2018bd137cd7) Importer(815301076,1909f56bfc062723c751e8b465ee728b)  -> (artifact id: 'd89fd18a59dcdcab6025c6c810bb1ff0') in 0.000450 seconds
Number of updated asset objects reloaded before import = 0
Number of asset objects unloaded after import = 0
========================================================================
Received Import Request.
  Time since last request: 0.079431 seconds.
  path: Assets/XR/XRGeneralSettings.asset
  artifactKey: Guid(58f40b12bbc864f3c96c6505a9a1e1e3) Importer(815301076,1909f56bfc062723c751e8b465ee728b)
Start importing Assets/XR/XRGeneralSettings.asset using Guid(58f40b12bbc864f3c96c6505a9a1e1e3) Importer(815301076,1909f56bfc062723c751e8b465ee728b)  -> (artifact id: '93a3d3a29f6860a6c83e6d58e06f856e') in 0.009780 seconds
Number of updated asset objects reloaded before import = 0
Number of asset objects unloaded after import = 0
========================================================================
Received Import Request.
  Time since last request: 21.303250 seconds.
  path: Assets/New Folder
  artifactKey: Guid(144b674c0302cc54da47d429d667552b) Importer(815301076,1909f56bfc062723c751e8b465ee728b)
Start importing Assets/New Folder using Guid(144b674c0302cc54da47d429d667552b) Importer(815301076,1909f56bfc062723c751e8b465ee728b)  -> (artifact id: '694809a788fc3e4fda5fdf742d2e3ab0') in 0.000742 seconds
Number of updated asset objects reloaded before import = 0
Number of asset objects unloaded after import = 0
========================================================================
Received Import Request.
  Time since last request: 0.945090 seconds.
  path: Assets/New Folder
  artifactKey: Guid(144b674c0302cc54da47d429d667552b) Importer(2089858483,0ecaa5967403d082aa24f35e1b516d23)
Start importing Assets/New Folder using Guid(144b674c0302cc54da47d429d667552b) Importer(2089858483,0ecaa5967403d082aa24f35e1b516d23) Generated GUIDs only implemented for interfaces!
 -> (artifact id: '173f404b050a0e88801a542827008a61') in 0.002689 seconds
Number of updated asset objects reloaded before import = 0
Number of asset objects unloaded after import = 1
========================================================================
Received Import Request.
  Time since last request: 10.334100 seconds.
  path: Assets/Game Assets
  artifactKey: Guid(144b674c0302cc54da47d429d667552b) Importer(815301076,1909f56bfc062723c751e8b465ee728b)
Start importing Assets/Game Assets using Guid(144b674c0302cc54da47d429d667552b) Importer(815301076,1909f56bfc062723c751e8b465ee728b)  -> (artifact id: '3a2a8524f8e5bcc03c91d09230d79674') in 0.000499 seconds
Number of updated asset objects reloaded before import = 0
Number of asset objects unloaded after import = 0
========================================================================
Received Import Request.
  Time since last request: 0.961590 seconds.
  path: Assets/Game Assets
  artifactKey: Guid(144b674c0302cc54da47d429d667552b) Importer(2089858483,0ecaa5967403d082aa24f35e1b516d23)
Start importing Assets/Game Assets using Guid(144b674c0302cc54da47d429d667552b) Importer(2089858483,0ecaa5967403d082aa24f35e1b516d23) Generated GUIDs only implemented for interfaces!
 -> (artifact id: '653db14f914f80a442be1ef3dbc3b814') in 0.003112 seconds
Number of updated asset objects reloaded before import = 0
Number of asset objects unloaded after import = 1
========================================================================
Received Import Request.
  Time since last request: 3.528551 seconds.
  path: Assets/Game Assets/Image Libraries
  artifactKey: Guid(7dc07127451c17c469f77cb13a1fb5c1) Importer(2089858483,0ecaa5967403d082aa24f35e1b516d23)
Start importing Assets/Game Assets/Image Libraries using Guid(7dc07127451c17c469f77cb13a1fb5c1) Importer(2089858483,0ecaa5967403d082aa24f35e1b516d23) Generated GUIDs only implemented for interfaces!
 -> (artifact id: '95ff90bb4a95252e3de066ed7f67c089') in 0.002912 seconds
Number of updated asset objects reloaded before import = 0
Number of asset objects unloaded after import = 1
========================================================================
Received Import Request.
  Time since last request: 16.829932 seconds.
  path: Assets/Game Assets/Image Libraries/ReferenceImageLibrary.asset
  artifactKey: Guid(8b2f095f6f29e4447b0a5b8df1ca30d8) Importer(815301076,1909f56bfc062723c751e8b465ee728b)
Start importing Assets/Game Assets/Image Libraries/ReferenceImageLibrary.asset using Guid(8b2f095f6f29e4447b0a5b8df1ca30d8) Importer(815301076,1909f56bfc062723c751e8b465ee728b)  -> (artifact id: 'e563dd528e71484645f266a36099287e') in 0.002625 seconds
Number of updated asset objects reloaded before import = 0
Number of asset objects unloaded after import = 1
========================================================================
Received Import Request.
  Time since last request: 0.935521 seconds.
  path: Assets/Game Assets/Image Libraries/ReferenceImageLibrary.asset
  artifactKey: Guid(8b2f095f6f29e4447b0a5b8df1ca30d8) Importer(2089858483,0ecaa5967403d082aa24f35e1b516d23)
Start importing Assets/Game Assets/Image Libraries/ReferenceImageLibrary.asset using Guid(8b2f095f6f29e4447b0a5b8df1ca30d8) Importer(2089858483,0ecaa5967403d082aa24f35e1b516d23) Generated GUIDs only implemented for interfaces!
 -> (artifact id: 'cf1d615ab83310b9da05a5c8c3dee600') in 0.008230 seconds
Number of updated asset objects reloaded before import = 0
Number of asset objects unloaded after import = 1
========================================================================
Received Import Request.
  Time since last request: 65.553266 seconds.
  path: Assets/XR/XRGeneralSettings.asset
  artifactKey: Guid(58f40b12bbc864f3c96c6505a9a1e1e3) Importer(2089858483,0ecaa5967403d082aa24f35e1b516d23)
Start importing Assets/XR/XRGeneralSettings.asset using Guid(58f40b12bbc864f3c96c6505a9a1e1e3) Importer(2089858483,0ecaa5967403d082aa24f35e1b516d23) Generated GUIDs only implemented for interfaces!
 -> (artifact id: '4553d4cf0bf8922f1b0eb4d07f0f070b') in 0.008028 seconds
Number of updated asset objects reloaded before import = 5
Number of asset objects unloaded after import = 1
========================================================================
Received Import Request.
  Time since last request: 30.370008 seconds.
  path: Assets/XR/XRGeneralSettings.asset
  artifactKey: Guid(58f40b12bbc864f3c96c6505a9a1e1e3) Importer(2089858483,0ecaa5967403d082aa24f35e1b516d23)
Start importing Assets/XR/XRGeneralSettings.asset using Guid(58f40b12bbc864f3c96c6505a9a1e1e3) Importer(2089858483,0ecaa5967403d082aa24f35e1b516d23) Generated GUIDs only implemented for interfaces!
 -> (artifact id: 'a323de361851afd9208cea8fdaf342fa') in 0.047133 seconds
Number of updated asset objects reloaded before import = 7
Number of asset objects unloaded after import = 1
========================================================================
Received Prepare
Refreshing native plugins compatible for Editor in 12.77 ms, found 11 plugins.
Preloading 0 native plugins for Editor in 0.00 ms.
Unloading 8 Unused Serialized files (Serialized files now loaded: 0)
Unloading 10 unused Assets / (1.2 MB). Loaded Objects now: 5204.
Memory consumption went from 85.0 MB to 83.8 MB.
Total: 5.681900 ms (FindLiveObjects: 0.382700 ms CreateObjectMapping: 0.262000 ms MarkObjects: 4.430600 ms  DeleteObjects: 0.605400 ms)

Prepare: number of updated asset objects reloaded= 7
AssetImportParameters requested are different than current active one (requested -> active):
  custom:container-demuxer-ogg: 62fdf1f143b41e24485cea50d1cbac27 -> 
  custom:video-codec-MediaFoundation-h265: 746d11721c4dcdbdad8f713fa42b33f4 -> 
  custom:video-decoder-ogg-theora: a1e56fd34408186e4bbccfd4996cb3dc -> 
  custom:framework-win-MediaFoundation: 216162199b28c13a410421893ffa2e32 -> 
  custom:CustomObjectIndexerAttribute: 756ad292c208cfabdd7b50bc23989ffe -> 
  custom:container-demuxer-webm: 4f35f7cbe854078d1ac9338744f61a02 -> 
  custom:container-muxer-webm: aa71ff27fc2769a1b78a27578f13a17b -> 
  custom:video-decoder-webm-vp8: 9c59270c3fd7afecdb556c50c9e8de78 -> 
  custom:SearchIndexIgnoredProperties: e643bd26f0fe6173181afceb89e7c659 -> 
  custom:AudioImporter_EditorPlatform: d09bf68614088b80899f8185d706f6e7 -> 
  custom:video-encoder-webm-vp8: eb34c28f22e8b96e1ab97ce403110664 -> 
  custom:audio-decoder-ogg-vorbis: bf7c407c2cedff20999df2af8eb42d56 -> 
  custom:audio-encoder-webm-vorbis: bf7c407c2cedff20999df2af8eb42d56 -> 
========================================================================
Received Import Request.
  Time since last request: 448.705573 seconds.
  path: Assets/ExampleAssets/Scenes/SampleSceneSettings.lighting
  artifactKey: Guid(eaab8837c0e26614c8fccda1a4d73fa6) Importer(2089858483,0ecaa5967403d082aa24f35e1b516d23)
Start importing Assets/ExampleAssets/Scenes/SampleSceneSettings.lighting using Guid(eaab8837c0e26614c8fccda1a4d73fa6) Importer(2089858483,0ecaa5967403d082aa24f35e1b516d23) Generated GUIDs only implemented for interfaces!
 -> (artifact id: '38e44c68de04f0aa2b8d22e97fb0c3e6') in 0.017395 seconds
Number of updated asset objects reloaded before import = 0
Number of asset objects unloaded after import = 1
========================================================================
Received Import Request.
  Time since last request: 0.000023 seconds.
  path: Assets/ExampleAssets/Scenes/SampleScene.unity
  artifactKey: Guid(9fc0d4010bbf28b4594072e72b8655ab) Importer(2089858483,0ecaa5967403d082aa24f35e1b516d23)
Start importing Assets/ExampleAssets/Scenes/SampleScene.unity using Guid(9fc0d4010bbf28b4594072e72b8655ab) Importer(2089858483,0ecaa5967403d082aa24f35e1b516d23) Generated GUIDs only implemented for interfaces!
 -> (artifact id: '6595121f895b57c81ad122c4679934e7') in 0.049501 seconds
Number of updated asset objects reloaded before import = 0
Number of asset objects unloaded after import = 1
